  displayManager.cpp
  main.cpp
  playlistManager.cpp
C:\Users\bolex\source\repos\TBSDProj__Group\TBSD_Group1_Playlist\TBSD_Group1_Playlist\main.cpp(24,11): error C2039: 'name': is not a member of 'Song'
      C:\Users\bolex\source\repos\TBSDProj__Group\TBSD_Group1_Playlist\TBSD_Group1_Playlist\songs.h(6,7):
      see declaration of 'Song'
  
C:\Users\bolex\source\repos\TBSDProj__Group\TBSD_Group1_Playlist\TBSD_Group1_Playlist\main.cpp(27,11): error C2039: 'name': is not a member of 'Song'
      C:\Users\bolex\source\repos\TBSDProj__Group\TBSD_Group1_Playlist\TBSD_Group1_Playlist\songs.h(6,7):
      see declaration of 'Song'
  
C:\Users\bolex\source\repos\TBSDProj__Group\TBSD_Group1_Playlist\TBSD_Group1_Playlist\main.cpp(37,35): error C2039: 'name': is not a member of 'Song'
      C:\Users\bolex\source\repos\TBSDProj__Group\TBSD_Group1_Playlist\TBSD_Group1_Playlist\songs.h(6,7):
      see declaration of 'Song'
  
C:\Users\bolex\source\repos\TBSDProj__Group\TBSD_Group1_Playlist\TBSD_Group1_Playlist\main.cpp(42,4): error C2447: '{': missing function header (old-style formal list?)
C:\Users\bolex\source\repos\TBSDProj__Group\TBSD_Group1_Playlist\TBSD_Group1_Playlist\main.cpp(68,4): error C2447: '{': missing function header (old-style formal list?)
C:\Users\bolex\source\repos\TBSDProj__Group\TBSD_Group1_Playlist\TBSD_Group1_Playlist\playlistManager.cpp(41,22): error C2039: 'name': is not a member of 'Song'
      C:\Users\bolex\source\repos\TBSDProj__Group\TBSD_Group1_Playlist\TBSD_Group1_Playlist\songs.h(6,7):
      see declaration of 'Song'
  
C:\Users\bolex\source\repos\TBSDProj__Group\TBSD_Group1_Playlist\TBSD_Group1_Playlist\playlistManager.cpp(41,31): error C2039: 'name': is not a member of 'Song'
      C:\Users\bolex\source\repos\TBSDProj__Group\TBSD_Group1_Playlist\TBSD_Group1_Playlist\songs.h(6,7):
      see declaration of 'Song'
  
  songQueue.cpp
  songs.cpp
  testing.cpp
  Generating Code...
